[27-Jul-2022 21:54:54] NOTICE: fpm is running, pid 81960
[27-Jul-2022 21:54:54] NOTICE: ready to handle connections
[27-Jul-2022 23:27:28] NOTICE: Terminating ...
[27-Jul-2022 23:27:28] NOTICE: Terminating ...
[27-Jul-2022 23:27:28] NOTICE: exiting, bye-bye!
[27-Jul-2022 23:27:59] NOTICE: fpm is running, pid 83514
[27-Jul-2022 23:27:59] NOTICE: ready to handle connections
[27-Jul-2022 23:41:27] NOTICE: Terminating ...
[27-Jul-2022 23:41:27] NOTICE: Terminating ...
[27-Jul-2022 23:41:27] NOTICE: exiting, bye-bye!
[27-Jul-2022 23:42:41] NOTICE: fpm is running, pid 83720
[27-Jul-2022 23:42:41] NOTICE: ready to handle connections
[29-Jul-2022 00:09:22] NOTICE: Terminating ...
[29-Jul-2022 00:09:22] NOTICE: Terminating ...
[29-Jul-2022 00:09:22] NOTICE: exiting, bye-bye!
[01-Aug-2022 19:28:21] NOTICE: fpm is running, pid 22643
[01-Aug-2022 19:28:21] NOTICE: ready to handle connections
[01-Aug-2022 19:29:19] NOTICE: Terminating ...
[01-Aug-2022 19:29:19] NOTICE: Terminating ...
[01-Aug-2022 19:29:19] NOTICE: exiting, bye-bye!
[01-Aug-2022 19:29:56] NOTICE: fpm is running, pid 22760
[01-Aug-2022 19:29:56] NOTICE: ready to handle connections
[01-Aug-2022 19:29:58] NOTICE: Terminating ...
[01-Aug-2022 19:29:58] NOTICE: Terminating ...
[01-Aug-2022 19:29:58] NOTICE: exiting, bye-bye!
[01-Aug-2022 19:30:01] NOTICE: fpm is running, pid 22789
[01-Aug-2022 19:30:01] NOTICE: ready to handle connections
[01-Aug-2022 19:30:03] NOTICE: Terminating ...
[01-Aug-2022 19:30:03] NOTICE: Terminating ...
[01-Aug-2022 19:30:03] NOTICE: exiting, bye-bye!
[05-Aug-2022 07:35:40] NOTICE: fpm is running, pid 54314
[05-Aug-2022 07:35:40] NOTICE: ready to handle connections
[05-Aug-2022 07:45:16] NOTICE: Terminating ...
[05-Aug-2022 07:45:16] NOTICE: Terminating ...
[05-Aug-2022 07:45:16] NOTICE: exiting, bye-bye!
[05-Aug-2022 07:45:30] NOTICE: fpm is running, pid 54415
[05-Aug-2022 07:45:30] NOTICE: ready to handle connections
[05-Aug-2022 07:47:52] NOTICE: Terminating ...
[05-Aug-2022 07:47:52] NOTICE: Terminating ...
[05-Aug-2022 07:47:52] NOTICE: exiting, bye-bye!
[05-Aug-2022 07:47:57] NOTICE: fpm is running, pid 54493
[05-Aug-2022 07:47:57] NOTICE: ready to handle connections
[05-Aug-2022 07:48:07] NOTICE: Terminating ...
[05-Aug-2022 07:48:07] NOTICE: Terminating ...
[05-Aug-2022 07:48:07] NOTICE: exiting, bye-bye!
[05-Aug-2022 07:48:10] NOTICE: fpm is running, pid 54565
[05-Aug-2022 07:48:10] NOTICE: ready to handle connections
[05-Aug-2022 07:48:26] NOTICE: Terminating ...
[05-Aug-2022 07:48:26] NOTICE: Terminating ...
[05-Aug-2022 07:48:26] NOTICE: exiting, bye-bye!
[05-Aug-2022 07:48:46] NOTICE: fpm is running, pid 54622
[05-Aug-2022 07:48:46] NOTICE: ready to handle connections
[05-Aug-2022 07:49:03] NOTICE: Terminating ...
[05-Aug-2022 07:49:03] NOTICE: Terminating ...
[05-Aug-2022 07:49:03] NOTICE: exiting, bye-bye!
[05-Aug-2022 07:49:04] NOTICE: fpm is running, pid 54646
[05-Aug-2022 07:49:04] NOTICE: ready to handle connections
[05-Aug-2022 08:03:49] NOTICE: Terminating ...
[05-Aug-2022 08:03:49] NOTICE: Terminating ...
[05-Aug-2022 08:03:49] NOTICE: exiting, bye-bye!
[05-Aug-2022 08:04:02] NOTICE: fpm is running, pid 54841
[05-Aug-2022 08:04:02] NOTICE: ready to handle connections
[05-Aug-2022 08:29:34] NOTICE: Terminating ...
[05-Aug-2022 08:29:34] NOTICE: Terminating ...
[05-Aug-2022 08:29:34] NOTICE: exiting, bye-bye!
[05-Aug-2022 08:29:38] NOTICE: fpm is running, pid 55093
[05-Aug-2022 08:29:38] NOTICE: ready to handle connections
[05-Aug-2022 08:31:39] NOTICE: Terminating ...
[05-Aug-2022 08:31:39] NOTICE: Terminating ...
[05-Aug-2022 08:31:39] NOTICE: exiting, bye-bye!
[05-Aug-2022 08:31:49] NOTICE: fpm is running, pid 55167
[05-Aug-2022 08:31:49] NOTICE: ready to handle connections
[05-Aug-2022 08:41:51] NOTICE: Terminating ...
[05-Aug-2022 08:41:51] NOTICE: Terminating ...
[05-Aug-2022 08:41:51] NOTICE: exiting, bye-bye!
[05-Aug-2022 08:41:55] NOTICE: fpm is running, pid 55252
[05-Aug-2022 08:41:55] NOTICE: ready to handle connections
[05-Aug-2022 17:31:32] NOTICE: Terminating ...
[05-Aug-2022 17:31:32] NOTICE: Terminating ...
[05-Aug-2022 17:31:32] NOTICE: exiting, bye-bye!
[05-Aug-2022 17:31:42] NOTICE: fpm is running, pid 61283
[05-Aug-2022 17:31:42] NOTICE: ready to handle connections
[05-Aug-2022 17:35:34] NOTICE: Terminating ...
[05-Aug-2022 17:35:34] NOTICE: Terminating ...
[05-Aug-2022 17:35:34] NOTICE: exiting, bye-bye!
[05-Aug-2022 17:35:44] NOTICE: fpm is running, pid 61376
[05-Aug-2022 17:35:44] NOTICE: ready to handle connections
[05-Aug-2022 17:36:08] NOTICE: Terminating ...
[05-Aug-2022 17:36:08] NOTICE: Terminating ...
[05-Aug-2022 17:36:08] NOTICE: exiting, bye-bye!
[05-Aug-2022 17:36:09] NOTICE: fpm is running, pid 61404
[05-Aug-2022 17:36:09] NOTICE: ready to handle connections
